Exporting package to 'D:\Projs\homeworks\SystemAnalyze\Export XML\OnlineMusic.xml'
Retrieving data for export: diagram elements
Retrieving data for export: links
Retrieving data for export: constraints
Retrieving data for export: attribute tagged values
Retrieving data for export: operation tagged values
Retrieving data for export: operation parameter tagged values
Retrieving data for export: connector tagged values
Completed data retrieval
Pre-processing export tree...
Completed pre-processing
Processing package: Model
Element:0: Class Model
Element:1: Use Case Model
Processing package: Use Case Model
Element:2: $help://use_case_model_pattern.htm
Element:3: 管理
Element:4: 
Element:5: 
Element:6: 音乐播放器
Element:7: $help://actor.htm
Element:8: Note
Element:9: 
Element:10: 系统用例
Element:11: 
Element:12: 参与者
Element:13: $help://usecasediagram.htm
Diagram: Use Case Model
Processing package: 管理
Element:14: 提示最终结果
Element:15: Start
Element:16: 系统写入数据库
Element:17: 歌词更新_ActivityGraph
Element:18:  [Invokes: 添加用户]
Element:19: Alternate1
Element:20: 显示最近一条消息
Element:21: Exception1
Element:22: End
Element:23: 系统存储
Element:24: 用户管理
Element:25: 删除音乐_ActivityGraph
Element:26: Alternate1
Element:27: 更新音乐信息
Element:28: 会员 添加歌词信息
Element:29: 音乐搜索_ActivityGraph
Element:30: 游客
Element:31: 显示个人界面 [Invokes: 用户查询]
Element:32: 显示明星最新信息
Element:33: 事务回滚
Element:34: 事务回滚
Element:35: 该音乐不存在
Element:36: 从数据库中查找明星信息
Element:37: 关注按键呈灰色
Element:38: End
Element:39: 明星信息更新
Element:40: Start
Element:41: 用户查询
Element:42: End
Element:43: Start
Element:44: Start
Element:45: Exception1
Element:46: 管理员 选择搜索条件
Element:47: 校对歌词
Element:48: 删除用户_ActivityGraph
Element:49: 显示操作的结果
Element:50: FlowEnd1
Element:51:  [Invokes: 更新用户信息]
Element:52: 删除音乐
Element:53: 选择要执行的操作类型
Element:54: 管理员 输入音乐名
Element:55: 用户管理_ActivityGraph
Element:56: Alternate1
Element:57: Exception1
Element:58: 系统从数据库中删除用户相关信息并且返回提示
Element:59: End
Element:60: 该音乐类型不存在
Element:61: Start
Element:62: 输入搜索关键字
Element:63: 用户 点击搜索按键
Element:64: 会员 修改个人相关信息栏目
Element:65: 系统提取明星名称
Element:66: 显示操作结果
Element:67:  [Invokes: 明星信息更新]
Element:68: Start
Element:69: 添加需要的音乐类型
Element:70: 添加评论
Element:71: 管理员选择需要删除的用户
Element:72: 给出界面提示
Element:73: 更新用户信息_ActivityGraph
Element:74: <include> 音乐搜索
Element:75: Start
Element:76: 更新明星信息
Element:77: 添加音乐
Element:78: 歌星关注
Element:79: 歌星关注_ActivityGraph
Element:80: 显示音乐信息更新失败
Element:81: 给出出错信息
Element:82: 界面显示无演唱者
Element:83: 更新音乐信息_ActivityGraph
Element:84: Alternate1
Element:85: 返回相应结果
Element:86: End
Element:87: Alternate1
Element:88: End
Element:89:  [Invokes: 删除用户]
Element:90: 输入身份
Element:91: 歌词更新
Element:92: Exception1
Element:93: 歌曲专辑信息更新
Element:94: 数据库更新
Element:95: 显示关注失败
Element:96: 标记音乐类型
Element:97: 会员 查看歌曲信息
Element:98: 事务回滚
Element:99: 显示结果
Element:100: 给出相应结果
Element:101: Start
Element:102: 用户查询_ActivityGraph
Element:103: Alternate1
Element:104: End
Element:105: Start
Element:106: End
Element:107: 系统更新数据库信息
Element:108: 查找用户信息 [Invokes: 用户查询]
Element:109: End
Element:110: FlowEnd1
Element:111: 系统记录数据库信息
Element:112: 音乐搜索
Element:113: 添加用户
Element:114: 明星信息更新_ActivityGraph
Element:115: 标记音乐类型_ActivityGraph
Element:116: 数据库不进行更新
Element:117: Alternate1
Element:118: 歌曲专辑信息更新_ActivityGraph
Element:119: Exception1
Element:120:  [Invokes: 标记音乐类型]
Element:121:  [Invokes: 歌曲专辑信息更新]
Element:122: 会员 搜索歌曲
Element:123: FlowEnd1
Element:124: 管理员 接收外部订阅消息
Element:125: System Boundary
Element:126: End
Element:127: 事务回滚
Element:128: 歌词不存在
Element:129: 管理员根据需要通过用户Email或ID等信息搜索用户 [Invokes: 用户查询]
Element:130: 管理员 输入音乐名称或音乐Id
Element:131: 系统删除数据库中的记录. 
Element:132: FlowEnd1
Element:133: 从给定的类型中选择
Element:134: 音乐下载
Element:135: 删除用户
Element:136: 更新用户信息
Element:137: 系统根据搜索条件进行数据库的搜索
Element:138: 添加用户_ActivityGraph
Element:139: 管理员 删除需要删除的歌曲
Element:140: 关注该歌曲的演唱者
Element:141: Start
Element:142: 修改相应的用户信息
Diagram: Music Management
Diagram: 音乐搜索_ActivityGraph
Diagram: 删除音乐_ActivityGraph
Diagram: 用户管理_ActivityGraph
Diagram: 删除用户_ActivityGraph
Diagram: 更新用户信息_ActivityGraph
Diagram: 明星信息更新_ActivityGraph
Diagram: 更新音乐信息_ActivityGraph
Diagram: 标记音乐类型_ActivityGraph
Diagram: 歌星关注_ActivityGraph
Diagram: 歌词更新_ActivityGraph
Processing package: 参与者
Element:143: 会员
Element:144: 管理员
Element:145: 游客
Element:146: 用户
Diagram: Actors
Processing package: 系统用例
Element:147: 根据用户喜好推荐
Element:148: 排行榜
Element:149: 用户自定义界面
Element:150: System Boundary
Element:151: 系统推荐音乐
Element:152: auto Boundary
Element:153: 下载排行
Element:154: 搜索排行
Element:155: 试听排行
Element:156: 登录
Element:157: 推送相关通知
Element:158: 根据收听次数推荐
Element:159: 注册
Diagram: AutoCase
Processing package: 音乐播放器
Element:160: 查看歌词
Element:161: System Boundary
Element:162: 停止播放
Element:163: 快进/快退
Element:164: 分享至外部接口
Element:165: 添加至播放列表
Element:166: 音乐播放、暂停
Element:167: 标记为喜欢
Element:168: 设置播放音质
Element:169: 分享音乐
Element:170: 保存至网盘
Element:171: Object1
Diagram: Music Player Use Cases
Diagram: Use Case1
Processing package: Class Model
Element:172: $help://class_model_pattern.htm
Element:173: Note
Element:174: Frameworks
Element:175: Entity
Element:176: $help://classdiagram.htm
Element:177: 
Element:178: 
Diagram: Class Model
Processing package: Entity
Element:179: User
Element:180: Class1
Element:181: Album
Element:182: Music
Element:183: Company
Element:184: Comment
Diagram: System
Processing package: Frameworks
Element:185: Note
Diagram: Frameworks
Adding State-Tables
Formatting output XML...please wait
XMI Document Export Complete!
